022-12-01 18:58:49 Request is submitted
2022-12-01 18:58:50 Request is queued
^C
(mars-api) [pd423@login-e-13 01_ens-extended_download]$ cat "requests/$filename.req" |  sed "s/^#.*//g" | mars -o "data/$filename.grib" &2>1 | tee -a "logs/$filename.log" && curl -X POST -H "Content-Type: application/json" -d "{\"value1\":\"(2022-12-01 18:59) ECMWF 61GB request at $(hostname).hpc, file: $filename\"}" https://maker.ifttt.com/trigger/notify/with/key/dHmvWjsHHJvHLg6ejV48do
[2] 257660
Congratulations! You've fired the notify event(mars-api) [pd423@login-e-13 01_ens-extended_download]$ 2022-12-01 18:59:29 ECMWF API python library 1.6.3
2022-12-01 18:59:29 ECMWF API at https://api.ecmwf.int/v1
2022-12-01 18:59:29 Welcome Petr Dolezal
2022-12-01 18:59:29 In case of problems, please check https://confluence.ecmwf.int/display/WEBAPI/Web+API+FAQ or contact servicedesk@ecmwf.int
2022-12-01 18:59:30 Request submitted
2022-12-01 18:59:30 Request id: 6388f9922c1dc2f3511e11bc
2022-12-01 18:59:30 Request is submitted
2022-12-01 18:59:31 Request is queued
2022-12-01 21:29:14 Request is active
2022-12-01 21:30:01 Request is active
2022-12-01 21:41:18 Calling 'nice mars /tmp/20221201-2120/a7/tmp-_marsepN6Qc.req'
2022-12-01 21:41:18 mars - WARN -
2022-12-01 21:41:18 mars - WARN -
2022-12-01 21:41:18 MIR environment variables:
2022-12-01 21:41:18 MIR_CACHE_PATH=/data/ec_coeff
2022-12-01 21:41:18 Using MARS binary: /usr/local/apps/mars/versions/20220411095548/bin/mars.bin
2022-12-01 21:41:18 mars - INFO   - 20221201.212840 - Welcome to MARS
2022-12-01 21:41:18 mars - INFO   - 20221201.212840 - MARS Client build stamp: 20220411095548
2022-12-01 21:41:18 mars - INFO   - 20221201.212840 - MARS Client bundle version: 6.33.9.0
2022-12-01 21:41:18 mars - INFO   - 20221201.212840 - package mars-client version: 6.33.9
2022-12-01 21:41:18 mars - INFO   - 20221201.212840 - package mir version: 1.12.1
2022-12-01 21:41:18 mars - INFO   - 20221201.212840 - package odc version: 1.4.4
2022-12-01 21:41:18 mars - INFO   - 20221201.212840 - package fdb version: 5.10.7
2022-12-01 21:41:18 mars - INFO   - 20221201.212840 - package metkit version: 1.9.1
2022-12-01 21:41:18 mars - INFO   - 20221201.212840 - package eckit version: 1.19.0
2022-12-01 21:41:18 mars - INFO   - 20221201.212840 - package eccodes version: 2.25.1
2022-12-01 21:41:18 mars - INFO   - 20221201.212840 - Maximum retrieval size is 75.00 G
2022-12-01 21:41:18 retrieve,target="output",stream=enfo,levtype=sfc,number=1/2/3/4/5/6/7/8/9/10/11/12/13/14/15/16/17/18/19/20/21/22/23/24/25/26/27/28/29/30/31/32/33/34/35/36/37/38/39/40/41/42/43/44/45/46/47/48/49/50,param=129.128/134.128/165.128/166.128/167.128/169.128/175.128/176.128/205.128/236.128/246.228/247.228,padding=0,step=360/366/372/378/384/390/396/402/408/414/420/426/432/438/444/450/456/462/468/474/480/486/492/498/504/510/516/522/528/534/540/546/552/558/564/570/576/582/588/594/600/606/612/618/624/630/636/642/648/654/660/666/672/678/684/690/696/702/708/714/720/726/732/738/744/750/756/762/768/774/780/786/792/798/804/810/816/822/828/834/840/846/852/858/864/870/876/882/888/894/900/906/912/918/924/930/936/942/948/954/960/966/972/978/984/990/996/1002/1008/1014/1020/1026/1032/1038/1044/1050/1056/1062/1068/1074/1080/1086/1092/1098/1104,expver=1,time=00:00:00,date=2017-07-10,type=pf,class=odmars - INFO   - 20221201.212840 - Automatic split by date is on
2022-12-01 21:41:18
2022-12-01 21:41:18 mars - INFO   - 20221201.212840 - Processing request 1
2022-12-01 21:41:18 sh: /usr/bin/mailx: No such file or directory
2022-12-01 21:41:18
2022-12-01 21:41:18 RETRIEVE,
2022-12-01 21:41:18     CLASS      = OD,
2022-12-01 21:41:18     TYPE       = PF,
2022-12-01 21:41:18     STREAM     = ENFO,
2022-12-01 21:41:18     EXPVER     = 0001,
2022-12-01 21:41:18     REPRES     = SH,
2022-12-01 21:41:18     LEVTYPE    = SFC,
2022-12-01 21:41:18     PARAM      = 129.128/134.128/165.128/166.128/167.128/169.128/175.128/176.128/205.128/236.128/246.228/247.228,
2022-12-01 21:41:18     TIME       = 0000,
2022-12-01 21:41:18     STEP       = 360/366/372/378/384/390/396/402/408/414/420/426/432/438/444/450/456/462/468/474/480/486/492/498/504/510/516/522/528/534/540/546/552/558/564/570/576/582/588/594/600/606/612/618/624/630/636/642/648/654/660/666/672/678/684/690/696/702/708/714/720/726/732/738/744/750/756/762/768/774/780/786/792/798/804/810/816/822/828/834/840/846/852/858/864/870/876/882/888/894/900/906/912/918/924/930/936/942/948/954/960/966/972/978/984/990/996/1002/1008/1014/1020/1026/1032/1038/1044/1050/1056/1062/1068/1074/1080/1086/1092/1098/1104,
2022-12-01 21:41:18     NUMBER     = 1/2/3/4/5/6/7/8/9/10/11/12/13/14/15/16/17/18/19/20/21/22/23/24/25/26/27/28/29/30/31/32/33/34/35/36/37/38/39/40/41/42/43/44/45/46/47/48/49/50,
2022-12-01 21:41:18     DOMAIN     = G,
2022-12-01 21:41:18     TARGET     = "output",
2022-12-01 21:41:18     PADDING    = 0,
2022-12-01 21:41:18     DATE       = 20170710
2022-12-01 21:41:18
2022-12-01 21:41:18 mars - INFO   - 20221201.212840 - Web API request id: 6388f96983f1289337fa6c67
2022-12-01 21:41:18 mars - INFO   - 20221201.212840 - Requesting 75000 fields
2022-12-01 21:41:18 mars - INFO   - 20221201.212840 - Setting SO_SNDBUF to 33554432 (32.00 M)
2022-12-01 21:41:18 mars - INFO   - 20221201.212840 - Current value is 8192 (8.00 K)
2022-12-01 21:41:18 mars - WARN   - 20221201.212840 - SO_SNDBUF limited by kernel to 212992 (208.00 K)
2022-12-01 21:41:18 mars - INFO   - 20221201.212840 - Setting SO_RCVBUF to 33554432 (32.00 M)
2022-12-01 21:41:18 mars - INFO   - 20221201.212840 - Current value is 43690 (42.67 K)
2022-12-01 21:41:18 mars - WARN   - 20221201.212840 - SO_RCVBUF limited by kernel to 212992 (208.00 K)
2022-12-01 21:41:18 mars - INFO   - 20221201.212840 - Calling mars on 'fdbprod', local port is 37927
2022-12-01 21:41:18 mars - INFO   - 20221201.212840 - Server task is 578 [ATOS FDB]
2022-12-01 21:41:18 mars - INFO   - 20221201.212840 - Retrieving from FDB [ATOS FDB]
2022-12-01 21:41:18 mars - INFO   - 20221201.212840 - Looking up FDB indexes: 0.002614 second elapsed, 0.002605 second cpu [ATOS FDB]
2022-12-01 21:41:18 mars - INFO   - 20221201.212840 - Calling mars on 'fdbbc', local port is 59329
2022-12-01 21:41:18 mars - INFO   - 20221201.212840 - Server task is 201 [ATOS FDB BC]
2022-12-01 21:41:18 mars - INFO   - 20221201.212841 - Retrieving from FDB [ATOS FDB BC]
2022-12-01 21:41:18 mars - INFO   - 20221201.212841 - Looking up FDB indexes: 0.002351 second elapsed, 0.001774 second cpu [ATOS FDB BC]
2022-12-01 21:41:18 mars - INFO   - 20221201.212841 - Calling mars on 'marsod-core', local port is 49168
2022-12-01 21:41:18 mars - INFO   - 20221201.212841 - Server task is 772 [marsod]
2022-12-01 21:41:18 mars - INFO   - 20221201.212841 - Request cost: 75,000 fields, 60.3174 Gbytes online, nodes: mvr003 mvr014 [marsod]
2022-12-01 21:41:18 mars - INFO   - 20221201.212841 - The efficiency of your requests in the last 12 hours is 100% [marsod]
2022-12-01 21:41:18 mars - INFO   - 20221201.212841 - Transfering 64765302000 bytes
2022-12-01 21:41:18 mars - INFO   - 20221201.214113 - 75000 fields retrieved from 'marsod'
2022-12-01 21:41:18 mars - INFO   - 20221201.214114 - Request time:  wall: 12 min 34 sec  cpu: 3 min 54 sec
2022-12-01 21:41:18 mars - INFO   - 20221201.214114 -   Visiting marsod: wall: 12 min 33 sec
2022-12-01 21:41:18 mars - INFO   - 20221201.214114 -   Read from network: 60.32 Gbyte(s) in 9 min 40 sec  [106.46 Mbyte/sec]
2022-12-01 21:41:18 mars - INFO   - 20221201.214114 -   Post-processing: wall: 49 sec cpu: 48 sec
2022-12-01 21:41:18 mars - INFO   - 20221201.214114 -   Writing to target file: 60.32 Gbyte(s) in 44 sec  [1.36 Gbyte/sec] cpu: 43 sec
2022-12-01 21:41:18 mars - INFO   - 20221201.214114 - Memory used: 37.91 Mbyte(s)
2022-12-01 21:41:18 mars - INFO   - 20221201.214114 - No errors reported
2022-12-01 21:41:18 Process '['nice', 'mars', '/tmp/20221201-2120/a7/tmp-_marsepN6Qc.req']' finished
2022-12-01 21:41:18 Request is complete
2022-12-01 21:41:18 Transfering 60.3174 Gbytes into data/mars_v02d_2017-07-10.grib
2022-12-01 21:41:18 From https://stream.ecmwf.int/data/webmars-private-svc-blue-006/data/scratch/20221201-2120/8f/_mars-webmars-private-svc-blue-006-6fe5cac1a363ec1525f54343b6cc9fd8-3cyHhK.grib
2022-12-01 21:43:56 Calling 'nice mars /tmp/20221201-2120/1c/tmp-_marseBJRko.req'
2022-12-01 21:43:56 mars - WARN -
2022-12-01 21:43:56 mars - WARN -
2022-12-01 21:43:56 MIR environment variables:
2022-12-01 21:43:56 MIR_CACHE_PATH=/data/ec_coeff
2022-12-01 21:43:56 Using MARS binary: /usr/local/apps/mars/versions/20220411095548/bin/mars.bin
2022-12-01 21:43:56 mars - INFO   - 20221201.212840 - Welcome to MARS
2022-12-01 21:43:56 mars - INFO   - 20221201.212840 - MARS Client build stamp: 20220411095548
2022-12-01 21:43:56 mars - INFO   - 20221201.212840 - MARS Client bundle version: 6.33.9.0
2022-12-01 21:43:56 mars - INFO   - 20221201.212840 - package mars-client version: 6.33.9
2022-12-01 21:43:56 mars - INFO   - 20221201.212840 - package mir version: 1.12.1
2022-12-01 21:43:56 mars - INFO   - 20221201.212840 - package odc version: 1.4.4
2022-12-01 21:43:56 mars - INFO   - 20221201.212840 - package fdb version: 5.10.7
2022-12-01 21:43:56 mars - INFO   - 20221201.212840 - package metkit version: 1.9.1
2022-12-01 21:43:56 mars - INFO   - 20221201.212840 - package eckit version: 1.19.0
2022-12-01 21:43:56 mars - INFO   - 20221201.212840 - package eccodes version: 2.25.1
2022-12-01 21:43:56 mars - INFO   - 20221201.212840 - Maximum retrieval size is 75.00 G
2022-12-01 21:43:56 retrieve,target="output",stream=enfo,levtype=sfc,number=1/2/3/4/5/6/7/8/9/10/11/12/13/14/15/16/17/18/19/20/21/22/23/24/25/26/27/28/29/30/31/32/33/34/35/36/37/38/39/40/41/42/43/44/45/46/47/48/49/50,param=129.128/134.128/165.128/166.128/167.128/169.128/175.128/176.128/205.128/236.128/246.228/247.228,padding=0,step=360/366/372/378/384/390/396/402/408/414/420/426/432/438/444/450/456/462/468/474/480/486/492/498/504/510/516/522/528/534/540/546/552/558/564/570/576/582/588/594/600/606/612/618/624/630/636/642/648/654/660/666/672/678/684/690/696/702/708/714/720/726/732/738/744/750/756/762/768/774/780/786/792/798/804/810/816/822/828/834/840/846/852/858/864/870/876/882/888/894/900/906/912/918/924/930/936/942/948/954/960/966/972/978/984/990/996/1002/1008/1014/1020/1026/1032/1038/1044/1050/1056/1062/1068/1074/1080/1086/1092/1098/1104,expver=1,time=00:00:00,date=2017-07-10,type=pf,class=odmars - INFO   - 20221201.212840 - Automatic split by date is on
2022-12-01 21:43:56
2022-12-01 21:43:56 mars - INFO   - 20221201.212840 - Processing request 1
2022-12-01 21:43:56 sh: /usr/bin/mailx: No such file or directory
2022-12-01 21:43:56
2022-12-01 21:43:56 RETRIEVE,
2022-12-01 21:43:56     CLASS      = OD,
2022-12-01 21:43:56     TYPE       = PF,
2022-12-01 21:43:56     STREAM     = ENFO,
2022-12-01 21:43:56     EXPVER     = 0001,
2022-12-01 21:43:56     REPRES     = SH,
2022-12-01 21:43:56     LEVTYPE    = SFC,
2022-12-01 21:43:56     PARAM      = 129.128/134.128/165.128/166.128/167.128/169.128/175.128/176.128/205.128/236.128/246.228/247.228,
2022-12-01 21:43:56     TIME       = 0000,
2022-12-01 21:43:56     STEP       = 360/366/372/378/384/390/396/402/408/414/420/426/432/438/444/450/456/462/468/474/480/486/492/498/504/510/516/522/528/534/540/546/552/558/564/570/576/582/588/594/600/606/612/618/624/630/636/642/648/654/660/666/672/678/684/690/696/702/708/714/720/726/732/738/744/750/756/762/768/774/780/786/792/798/804/810/816/822/828/834/840/846/852/858/864/870/876/882/888/894/900/906/912/918/924/930/936/942/948/954/960/966/972/978/984/990/996/1002/1008/1014/1020/1026/1032/1038/1044/1050/1056/1062/1068/1074/1080/1086/1092/1098/1104,
2022-12-01 21:43:56     NUMBER     = 1/2/3/4/5/6/7/8/9/10/11/12/13/14/15/16/17/18/19/20/21/22/23/24/25/26/27/28/29/30/31/32/33/34/35/36/37/38/39/40/41/42/43/44/45/46/47/48/49/50,
2022-12-01 21:43:56     DOMAIN     = G,
2022-12-01 21:43:56     TARGET     = "output",
2022-12-01 21:43:56     PADDING    = 0,
2022-12-01 21:43:56     DATE       = 20170710
2022-12-01 21:43:56
2022-12-01 21:43:56 mars - INFO   - 20221201.212840 - Web API request id: 6388f9922c1dc2f3511e11bc
2022-12-01 21:43:56 mars - INFO   - 20221201.212840 - Requesting 75000 fields
2022-12-01 21:43:56 mars - INFO   - 20221201.212840 - Setting SO_SNDBUF to 33554432 (32.00 M)
2022-12-01 21:43:56 mars - INFO   - 20221201.212840 - Current value is 8192 (8.00 K)
2022-12-01 21:43:56 mars - WARN   - 20221201.212840 - SO_SNDBUF limited by kernel to 212992 (208.00 K)
2022-12-01 21:43:56 mars - INFO   - 20221201.212840 - Setting SO_RCVBUF to 33554432 (32.00 M)
2022-12-01 21:43:56 mars - INFO   - 20221201.212840 - Current value is 43690 (42.67 K)
2022-12-01 21:43:56 mars - WARN   - 20221201.212840 - SO_RCVBUF limited by kernel to 212992 (208.00 K)
2022-12-01 21:43:56 mars - INFO   - 20221201.212840 - Calling mars on 'fdbprod', local port is 42259
2022-12-01 21:43:56 mars - INFO   - 20221201.212845 - Server task is 979 [ATOS FDB]
2022-12-01 21:43:56 mars - INFO   - 20221201.212845 - Retrieving from FDB [ATOS FDB]
2022-12-01 21:43:56 mars - INFO   - 20221201.212845 - Looking up FDB indexes: 0.004846 second elapsed, 0.003603 second cpu [ATOS FDB]
2022-12-01 21:43:56 mars - INFO   - 20221201.212846 - Calling mars on 'fdbbc', local port is 36665
2022-12-01 21:43:56 mars - INFO   - 20221201.212846 - Server task is 799 [ATOS FDB BC]
2022-12-01 21:43:56 mars - INFO   - 20221201.212846 - Retrieving from FDB [ATOS FDB BC]
2022-12-01 21:43:56 mars - INFO   - 20221201.212846 - Looking up FDB indexes: 0.000552 second elapsed, 0.000551 second cpu [ATOS FDB BC]
2022-12-01 21:43:56 mars - INFO   - 20221201.212846 - Calling mars on 'marsod-core', local port is 59377
2022-12-01 21:43:56 mars - INFO   - 20221201.212846 - Server task is 143 [marsod]
2022-12-01 21:43:56 mars - INFO   - 20221201.212846 - Request cost: 75,000 fields, 60.3174 Gbytes online, nodes: mvr003 mvr014 [marsod]
2022-12-01 21:43:56 mars - INFO   - 20221201.212846 - The efficiency of your requests in the last 12 hours is 100% [marsod]
2022-12-01 21:43:56 mars - INFO   - 20221201.212847 - Transfering 64765302000 bytes
2022-12-01 21:43:56 mars - INFO   - 20221201.214328 - 75000 fields retrieved from 'marsod'
2022-12-01 21:43:56 mars - INFO   - 20221201.214330 - Request time:  wall: 14 min 50 sec  cpu: 3 min 52 sec
2022-12-01 21:43:56 mars - INFO   - 20221201.214330 -   Visiting marsod: wall: 14 min 42 sec
2022-12-01 21:43:56 mars - INFO   - 20221201.214330 -   Read from network: 60.32 Gbyte(s) in 12 min  [85.73 Mbyte/sec]
2022-12-01 21:43:56 mars - INFO   - 20221201.214330 -   Processing in ATOS FDB: wall: 5 sec
2022-12-01 21:43:56 mars - INFO   - 20221201.214330 -   Visiting ATOS FDB: wall: 5 sec
2022-12-01 21:43:56 mars - INFO   - 20221201.214330 -   Post-processing: wall: 46 sec cpu: 46 sec
2022-12-01 21:43:56 mars - INFO   - 20221201.214330 -   Writing to target file: 60.32 Gbyte(s) in 38 sec  [1.61 Gbyte/sec] cpu: 36 sec
2022-12-01 21:43:56 mars - INFO   - 20221201.214330 - Memory used: 37.91 Mbyte(s)
2022-12-01 21:43:56 mars - INFO   - 20221201.214330 - No errors reported
2022-12-01 21:43:56 Process '['nice', 'mars', '/tmp/20221201-2120/1c/tmp-_marseBJRko.req']' finished
2022-12-01 21:43:56 Request is complete
2022-12-01 21:43:58 Transfering 60.3142 Gbytes into data/mars_v02d_2017-07-10.grib
2022-12-01 21:43:58 From https://stream.ecmwf.int/data/webmars-private-svc-blue-008/data/scratch/20221201-2120/90/_mars-webmars-private-svc-blue-008-6fe5cac1a363ec1525f54343b6cc9fd8-sS0O5s.grib
2022-12-01 22:06:08 Transfer rate 41.4507 Mbytes/s
2022-12-01 22:06:08 Done