2022-12-07 03:08:13 ECMWF API python library 1.6.3
2022-12-07 03:08:13 ECMWF API at https://api.ecmwf.int/v1
2022-12-07 03:08:13 Welcome Petr Dolezal
2022-12-07 03:08:13 In case of problems, please check https://confluence.ecmwf.int/display/WEBAPI/Web+API+FAQ or contact servicedesk@ecmwf.int
2022-12-07 03:08:13 Request submitted
2022-12-07 03:08:13 Request id: 6390039dc5ea5df2ced9ff55
2022-12-07 03:08:13 Request is submitted
2022-12-07 03:08:14 Request is active
2022-12-07 04:57:34 Calling 'nice mars /tmp/20221207-0300/34/tmp-_marsdo1vsF.req'
2022-12-07 04:57:34 mars - WARN -
2022-12-07 04:57:34 mars - WARN -
2022-12-07 04:57:34 MIR environment variables:
2022-12-07 04:57:34 MIR_CACHE_PATH=/data/ec_coeff
2022-12-07 04:57:34 Using MARS binary: /usr/local/apps/mars/versions/20220411095548/bin/mars.bin
2022-12-07 04:57:34 mars - INFO   - 20221207.030814 - Welcome to MARS
2022-12-07 04:57:34 mars - INFO   - 20221207.030814 - MARS Client build stamp: 20220411095548
2022-12-07 04:57:34 mars - INFO   - 20221207.030814 - MARS Client bundle version: 6.33.9.0
2022-12-07 04:57:34 mars - INFO   - 20221207.030814 - package mars-client version: 6.33.9
2022-12-07 04:57:34 mars - INFO   - 20221207.030814 - package mir version: 1.12.1
2022-12-07 04:57:34 mars - INFO   - 20221207.030814 - package odc version: 1.4.4
2022-12-07 04:57:34 mars - INFO   - 20221207.030814 - package fdb version: 5.10.7
2022-12-07 04:57:34 mars - INFO   - 20221207.030814 - package metkit version: 1.9.1
2022-12-07 04:57:34 mars - INFO   - 20221207.030814 - package eckit version: 1.19.0
2022-12-07 04:57:34 mars - INFO   - 20221207.030814 - package eccodes version: 2.25.1
2022-12-07 04:57:34 mars - INFO   - 20221207.030814 - Maximum retrieval size is 75.00 G
2022-12-07 04:57:34 retrieve,target="output",stream=enfo,levtype=sfc,number=1/2/3/4/5,param=22.228/129.128/134.128/165.128/166.128/167.128/169.128/173.128/174.128/175.128/176.128/178.128/205.128/236.128/246.228/247.228,padding=0,step=0/1/2/3/4/5/6/7/8/9/10/11/12/13/14/15/16/17/18/19/20/21/22/23/24/25/26/27/28/29/30/31/32/33/34/35/36/37/38/39/40/41/42/43/44/45/46/47/48/49/50/51/52/53/54/55/56/57/58/59/60/61/62/63/64/65/66/67/68/69/70/71/72/73/74/75/76/77/78/79/80/81/82/83/84/85/86/87/88/89/90/93/96/99/102/105/108/111/114/117/120/123/126/129/132/135/138/141/144/150/156/162/168/174/180/186/192/198/204/210/216/222/228/234/240/246/252/258/264/270/276/282/288/294/300/306/312/318/324/330/336/342/348/354/360,expver=1,time=00:00:00,date=2017-07-13,type=pf,class=odmars - INFO   - 20221207.030814 - Automatic split by date is on
2022-12-07 04:57:34 
2022-12-07 04:57:34 mars - INFO   - 20221207.030814 - Processing request 1
2022-12-07 04:57:34 sh: /usr/bin/mailx: No such file or directory
2022-12-07 04:57:34 
2022-12-07 04:57:34 RETRIEVE,
2022-12-07 04:57:34     CLASS      = OD,
2022-12-07 04:57:34     TYPE       = PF,
2022-12-07 04:57:34     STREAM     = ENFO,
2022-12-07 04:57:34     EXPVER     = 0001,
2022-12-07 04:57:34     REPRES     = SH,
2022-12-07 04:57:34     LEVTYPE    = SFC,
2022-12-07 04:57:34     PARAM      = 22.228/129.128/134.128/165.128/166.128/167.128/169.128/173.128/174.128/175.128/176.128/178.128/205.128/236.128/246.228/247.228,
2022-12-07 04:57:34     TIME       = 0000,
2022-12-07 04:57:34     STEP       = 0/1/2/3/4/5/6/7/8/9/10/11/12/13/14/15/16/17/18/19/20/21/22/23/24/25/26/27/28/29/30/31/32/33/34/35/36/37/38/39/40/41/42/43/44/45/46/47/48/49/50/51/52/53/54/55/56/57/58/59/60/61/62/63/64/65/66/67/68/69/70/71/72/73/74/75/76/77/78/79/80/81/82/83/84/85/86/87/88/89/90/93/96/99/102/105/108/111/114/117/120/123/126/129/132/135/138/141/144/150/156/162/168/174/180/186/192/198/204/210/216/222/228/234/240/246/252/258/264/270/276/282/288/294/300/306/312/318/324/330/336/342/348/354/360,
2022-12-07 04:57:34     NUMBER     = 1/2/3/4/5,
2022-12-07 04:57:34     DOMAIN     = G,
2022-12-07 04:57:34     TARGET     = "output",
2022-12-07 04:57:34     PADDING    = 0,
2022-12-07 04:57:34     DATE       = 20170713
2022-12-07 04:57:34 
2022-12-07 04:57:34 mars - INFO   - 20221207.030814 - Web API request id: 6390039dc5ea5df2ced9ff55
2022-12-07 04:57:34 mars - INFO   - 20221207.030814 - Requesting 11600 fields
2022-12-07 04:57:34 mars - INFO   - 20221207.030814 - Setting SO_SNDBUF to 33554432 (32.00 M)
2022-12-07 04:57:34 mars - INFO   - 20221207.030814 - Current value is 8192 (8.00 K)
2022-12-07 04:57:34 mars - WARN   - 20221207.030814 - SO_SNDBUF limited by kernel to 212992 (208.00 K)
2022-12-07 04:57:34 mars - INFO   - 20221207.030814 - Setting SO_RCVBUF to 33554432 (32.00 M)
2022-12-07 04:57:34 mars - INFO   - 20221207.030814 - Current value is 43690 (42.67 K)
2022-12-07 04:57:34 mars - WARN   - 20221207.030814 - SO_RCVBUF limited by kernel to 212992 (208.00 K)
2022-12-07 04:57:34 mars - INFO   - 20221207.030814 - Calling mars on 'fdbprod', local port is 42543
2022-12-07 04:57:34 mars - INFO   - 20221207.030815 - Server task is 306 [ATOS FDB]
2022-12-07 04:57:34 mars - INFO   - 20221207.030815 - Retrieving from FDB [ATOS FDB]
2022-12-07 04:57:34 mars - INFO   - 20221207.030815 - Looking up FDB indexes: 0.004429 second elapsed, 0.003525 second cpu [ATOS FDB]
2022-12-07 04:57:34 mars - INFO   - 20221207.030815 - Calling mars on 'fdbbc', local port is 52326
2022-12-07 04:57:34 mars - INFO   - 20221207.030815 - Server task is 624 [ATOS FDB BC]
2022-12-07 04:57:34 mars - INFO   - 20221207.030815 - Retrieving from FDB [ATOS FDB BC]
2022-12-07 04:57:34 mars - INFO   - 20221207.030815 - Looking up FDB indexes: 0.002488 second elapsed, 0.000618 second cpu [ATOS FDB BC]
2022-12-07 04:57:34 mars - INFO   - 20221207.030815 - Calling mars on 'marsod-core', local port is 36479
2022-12-07 04:57:34 mars - INFO   - 20221207.040821 - Server task is 713 [marsod]
2022-12-07 04:57:34 mars - INFO   - 20221207.040821 - Request cost: 11,600 fields, 3.96443 Gbytes online, 31.9632 Gbytes on 3 tapes, nodes: hpss mvr002 mvr003 mvr013 mvr014, libraries: ibmlib06 ibmlib08 [marsod]
2022-12-07 04:57:34 mars - INFO   - 20221207.040821 - The efficiency of your requests in the last 12 hours is 100% [marsod]
2022-12-07 04:57:34 mars - INFO   - 20221207.045208 - Transfering 38576983200 bytes
2022-12-07 04:57:34 mars - INFO   - 20221207.045614 - 11600 fields retrieved from 'marsod'
2022-12-07 04:57:34 mars - INFO   - 20221207.045616 - Request time:  wall: 1 hour 48 min 1 sec  cpu: 1 min 19 sec
2022-12-07 04:57:34 mars - INFO   - 20221207.045616 -   Processing in marsod: wall: 1 hour 43 min 53 sec
2022-12-07 04:57:34 mars - INFO   - 20221207.045616 -   Visiting marsod: wall: 1 hour 47 min 59 sec
2022-12-07 04:57:34 mars - INFO   - 20221207.045616 -   Read from network: 35.93 Gbyte(s) in 3 min 18 sec  [186.26 Mbyte/sec]
2022-12-07 04:57:34 mars - INFO   - 20221207.045616 -   Post-processing: wall: 13 sec cpu: 13 sec
2022-12-07 04:57:34 mars - INFO   - 20221207.045616 -   Writing to target file: 35.93 Gbyte(s) in 25 sec  [1.42 Gbyte/sec] cpu: 24 sec
2022-12-07 04:57:34 mars - INFO   - 20221207.045616 - Memory used: 37.91 Mbyte(s)
2022-12-07 04:57:34 mars - INFO   - 20221207.045616 - No errors reported
2022-12-07 04:57:34 Process '['nice', 'mars', '/tmp/20221207-0300/34/tmp-_marsdo1vsF.req']' finished
2022-12-07 04:57:34 Request is complete
2022-12-07 04:57:34 Transfering 35.9276 Gbytes into data/mars_v02e_2017-07-13.grib
2022-12-07 04:57:34 From https://stream.ecmwf.int/data/webmars-private-svc-blue-006/data/scratch/20221207-0300/2d/_mars-webmars-private-svc-blue-006-6fe5cac1a363ec1525f54343b6cc9fd8-sfZpKM.grib
2022-12-07 05:11:43 Transfer rate 43.3457 Mbytes/s
2022-12-07 05:11:43 Done
  % Total    % Received % Xferd  Average Speed   Time    Time     Time  Current
                                 Dload  Upload   Total   Spent    Left  Speed
  0     0    0     0    0     0      0      0 --:--:-- --:--:-- --:--:--     0100   136  100    46  100    90    165    323 --:--:-- --:--:-- --:--:--   323
Congratulations! You've fired the notify event

