printf "\033k%s@%s:%s\033\\" "${USER}" "${HOSTNAME%%.*}" "${PWD/#$HOME/~}"
[pd423@login-e-13 01_ens-extended_download]$

printf "\033k%s@%s:%s\033\\" "${USER}" "${HOSTNAME%%.*}" "${PWD/#$HOME/~}"
[pd423@login-e-13 01_ens-extended_download]$ ^C
printf "\033k%s@%s:%s\033\\" "${USER}" "${HOSTNAME%%.*}" "${PWD/#$HOME/~}"
[pd423@login-e-13 01_ens-extended_download]$ exit
(mars-api) [pd423@login-e-13 01_ens-extended_download]$ 2022-12-01 21:29:14 Calling 'nice mars /tmp/20221201-2120/2b/tmp-_marsczj4gn.req'
2022-12-01 21:29:14 mars - WARN -
2022-12-01 21:29:14 mars - WARN -
2022-12-01 21:29:14 MIR environment variables:
2022-12-01 21:29:14 MIR_CACHE_PATH=/data/ec_coeff
2022-12-01 21:29:14 Using MARS binary: /usr/local/apps/mars/versions/20220411095548/bin/mars.bin
2022-12-01 21:29:14 mars - INFO   - 20221201.212838 - Welcome to MARS
2022-12-01 21:29:14 mars - INFO   - 20221201.212838 - MARS Client build stamp: 20220411095548
2022-12-01 21:29:14 mars - INFO   - 20221201.212838 - MARS Client bundle version: 6.33.9.0
2022-12-01 21:29:14 mars - INFO   - 20221201.212838 - package mars-client version: 6.33.9
2022-12-01 21:29:14 mars - INFO   - 20221201.212838 - package mir version: 1.12.1
2022-12-01 21:29:14 mars - INFO   - 20221201.212838 - package odc version: 1.4.4
2022-12-01 21:29:14 mars - INFO   - 20221201.212838 - package fdb version: 5.10.7
2022-12-01 21:29:14 mars - INFO   - 20221201.212838 - package metkit version: 1.9.1
2022-12-01 21:29:14 mars - INFO   - 20221201.212838 - package eckit version: 1.19.0
2022-12-01 21:29:14 mars - INFO   - 20221201.212838 - package eccodes version: 2.25.1
2022-12-01 21:29:14 mars - INFO   - 20221201.212838 - Maximum retrieval size is 75.00 G
2022-12-01 21:29:14 list,target="output",stream=enfo,levtype=sfc,number=1/2/3/4/5/6/7/8/9/10/11/12/13/14/15/16/17/18/19/20/21/22/23/24/25/26/27/28/29/30/31/32/33/34/35/36/37/38/39/40/41/42/43/44/45/46/47/48/49/50,expver=1,padding=0,step=360/366/372/378/384/390/396/402/408/414/420/426/432/438/444/450/456/462/468/474/480/486/492/498/504/510/516/522/528/534/540/546/552/558/564/570/576/582/588/594/600/606/612/618/624/630/636/642/648/654/660/666/672/678/684/690/696/702/708/714/720/726/732/738/744/750/756/762/768/774/780/786/792/798/804/810/816/822/828/834/840/846/852/858/864/870/876/882/888/894/900/906/912/918/924/930/936/942/948/954/960/966/972/978/984/990/996/1002/1008/1014/1020/1026/1032/1038/1044/1050/1056/1062/1068/1074/1080/1086/1092/1098/1104,param=129.128/134.128/165.128/166.128/167.128/169.128/175.128/176.128/205.128/236.128/246.228/247.228,time=00:00:00,date=2017-07-10,output=cost,type=pf,class=od
2022-12-01 21:29:14 mars - INFO   - 20221201.212838 - Processing request 1
2022-12-01 21:29:14 sh: /usr/bin/mailx: No such file or directory
2022-12-01 21:29:14
2022-12-01 21:29:14 LIST,
2022-12-01 21:29:14     CLASS      = OD,
2022-12-01 21:29:14     TYPE       = PF,
2022-12-01 21:29:14     STREAM     = ENFO,
2022-12-01 21:29:14     EXPVER     = 0001,
2022-12-01 21:29:14     LEVTYPE    = SFC,
2022-12-01 21:29:14     PARAM      = 129.128/134.128/165.128/166.128/167.128/169.128/175.128/176.128/205.128/236.128/246.228/247.228,
2022-12-01 21:29:14     DATE       = 20170710,
2022-12-01 21:29:14     TIME       = 0000,
2022-12-01 21:29:14     STEP       = 360/366/372/378/384/390/396/402/408/414/420/426/432/438/444/450/456/462/468/474/480/486/492/498/504/510/516/522/528/534/540/546/552/558/564/570/576/582/588/594/600/606/612/618/624/630/636/642/648/654/660/666/672/678/684/690/696/702/708/714/720/726/732/738/744/750/756/762/768/774/780/786/792/798/804/810/816/822/828/834/840/846/852/858/864/870/876/882/888/894/900/906/912/918/924/930/936/942/948/954/960/966/972/978/984/990/996/1002/1008/1014/1020/1026/1032/1038/1044/1050/1056/1062/1068/1074/1080/1086/1092/1098/1104,
2022-12-01 21:29:14     NUMBER     = 1/2/3/4/5/6/7/8/9/10/11/12/13/14/15/16/17/18/19/20/21/22/23/24/25/26/27/28/29/30/31/32/33/34/35/36/37/38/39/40/41/42/43/44/45/46/47/48/49/50,
2022-12-01 21:29:14     TARGET     = "output",
2022-12-01 21:29:14     PADDING    = 0,
2022-12-01 21:29:14     OUTPUT     = COST,
2022-12-01 21:29:14     DATABASE   = marsod
2022-12-01 21:29:14
2022-12-01 21:29:14 mars - INFO   - 20221201.212838 - Web API request id: 6388f86b36d8062a6ffa6c6f
2022-12-01 21:29:14 mars - INFO   - 20221201.212838 - Setting SO_SNDBUF to 33554432 (32.00 M)
2022-12-01 21:29:14 mars - INFO   - 20221201.212838 - Current value is 8192 (8.00 K)
2022-12-01 21:29:14 mars - WARN   - 20221201.212838 - SO_SNDBUF limited by kernel to 212992 (208.00 K)
2022-12-01 21:29:14 mars - INFO   - 20221201.212838 - Setting SO_RCVBUF to 33554432 (32.00 M)
2022-12-01 21:29:14 mars - INFO   - 20221201.212838 - Current value is 43690 (42.67 K)
2022-12-01 21:29:14 mars - WARN   - 20221201.212838 - SO_RCVBUF limited by kernel to 212992 (208.00 K)
2022-12-01 21:29:14 mars - INFO   - 20221201.212838 - Calling mars on 'marsod-core', local port is 59859
2022-12-01 21:29:14 mars - INFO   - 20221201.212838 - Server task is 772 [marsod]
2022-12-01 21:29:14 mars - INFO   - 20221201.212839 - Request performed on database 'marsod'
2022-12-01 21:29:14 mars - INFO   - 20221201.212839 - Request time:  wall: 1 sec
2022-12-01 21:29:14 mars - INFO   - 20221201.212839 - Memory used: 18.90 Mbyte(s)
2022-12-01 21:29:14 mars - INFO   - 20221201.212839 - No errors reported
2022-12-01 21:29:14 Process '['nice', 'mars', '/tmp/20221201-2120/2b/tmp-_marsczj4gn.req']' finished
2022-12-01 21:29:14 Request is complete
2022-12-01 21:29:14 Transfering 210 bytes into data/mars_v02d_2017-07-10.grib
2022-12-01 21:29:14 From https://stream.ecmwf.int/data/webmars-private-svc-blue-001/data/scratch/20221201-2120/ae/_mars-webmars-private-svc-blue-001-6fe5cac1a363ec1525f54343b6cc9fd8-fl8nec.grib
2022-12-01 21:29:14 Transfer rate 1.4042 Kbytes/s
2022-12-01 21:29:15 Done
2022-12-01 21:29:53 Calling 'nice mars /tmp/20221201-2120/05/tmp-_marsmH85uH.req'
2022-12-01 21:29:53 mars - WARN -
2022-12-01 21:29:53 mars - WARN -
2022-12-01 21:29:53 MIR environment variables:
2022-12-01 21:29:53 MIR_CACHE_PATH=/data/ec_coeff
2022-12-01 21:29:53 Using MARS binary: /usr/local/apps/mars/versions/20220411095548/bin/mars.bin
2022-12-01 21:29:53 mars - INFO   - 20221201.212833 - Welcome to MARS
2022-12-01 21:29:53 mars - INFO   - 20221201.212833 - MARS Client build stamp: 20220411095548
2022-12-01 21:29:53 mars - INFO   - 20221201.212833 - MARS Client bundle version: 6.33.9.0
2022-12-01 21:29:53 mars - INFO   - 20221201.212833 - package mars-client version: 6.33.9
2022-12-01 21:29:53 mars - INFO   - 20221201.212833 - package mir version: 1.12.1
2022-12-01 21:29:53 mars - INFO   - 20221201.212833 - package odc version: 1.4.4
2022-12-01 21:29:53 mars - INFO   - 20221201.212833 - package fdb version: 5.10.7
2022-12-01 21:29:53 mars - INFO   - 20221201.212833 - package metkit version: 1.9.1
2022-12-01 21:29:53 mars - INFO   - 20221201.212833 - package eckit version: 1.19.0
2022-12-01 21:29:53 mars - INFO   - 20221201.212833 - package eccodes version: 2.25.1
2022-12-01 21:29:53 mars - INFO   - 20221201.212833 - Maximum retrieval size is 75.00 G
2022-12-01 21:29:53 list,target="output",stream=enfo,levtype=sfc,number=1/2/3/4/5/6/7/8/9/10/11/12/13/14/15/16/17/18/19/20/21/22/23/24/25/26/27/28/29/30/31/32/33/34/35/36/37/38/39/40/41/42/43/44/45/46/47/48/49/50,expver=1,padding=0,step=360/366/372/378/384/390/396/402/408/414/420/426/432/438/444/450/456/462/468/474/480/486/492/498/504/510/516/522/528/534/540/546/552/558/564/570/576/582/588/594/600/606/612/618/624/630/636/642/648/654/660/666/672/678/684/690/696/702/708/714/720/726/732/738/744/750/756/762/768/774/780/786/792/798/804/810/816/822/828/834/840/846/852/858/864/870/876/882/888/894/900/906/912/918/924/930/936/942/948/954/960/966/972/978/984/990/996/1002/1008/1014/1020/1026/1032/1038/1044/1050/1056/1062/1068/1074/1080/1086/1092/1098/1104,param=129.128/134.128/165.128/166.128/167.128/169.128/175.128/176.128/205.128/236.128/246.228/247.228,time=00:00:00,date=2017-07-10,output=cost,type=pf,class=od
2022-12-01 21:29:53 mars - INFO   - 20221201.212833 - Processing request 1
2022-12-01 21:29:53 sh: /usr/bin/mailx: No such file or directory
2022-12-01 21:29:53
2022-12-01 21:29:53 LIST,
2022-12-01 21:29:53     CLASS      = OD,
2022-12-01 21:29:53     TYPE       = PF,
2022-12-01 21:29:53     STREAM     = ENFO,
2022-12-01 21:29:53     EXPVER     = 0001,
2022-12-01 21:29:53     LEVTYPE    = SFC,
2022-12-01 21:29:53     PARAM      = 129.128/134.128/165.128/166.128/167.128/169.128/175.128/176.128/205.128/236.128/246.228/247.228,
2022-12-01 21:29:53     DATE       = 20170710,
2022-12-01 21:29:53     TIME       = 0000,
2022-12-01 21:29:53     STEP       = 360/366/372/378/384/390/396/402/408/414/420/426/432/438/444/450/456/462/468/474/480/486/492/498/504/510/516/522/528/534/540/546/552/558/564/570/576/582/588/594/600/606/612/618/624/630/636/642/648/654/660/666/672/678/684/690/696/702/708/714/720/726/732/738/744/750/756/762/768/774/780/786/792/798/804/810/816/822/828/834/840/846/852/858/864/870/876/882/888/894/900/906/912/918/924/930/936/942/948/954/960/966/972/978/984/990/996/1002/1008/1014/1020/1026/1032/1038/1044/1050/1056/1062/1068/1074/1080/1086/1092/1098/1104,
2022-12-01 21:29:53     NUMBER     = 1/2/3/4/5/6/7/8/9/10/11/12/13/14/15/16/17/18/19/20/21/22/23/24/25/26/27/28/29/30/31/32/33/34/35/36/37/38/39/40/41/42/43/44/45/46/47/48/49/50,
2022-12-01 21:29:53     TARGET     = "output",
2022-12-01 21:29:53     PADDING    = 0,
2022-12-01 21:29:53     OUTPUT     = COST,
2022-12-01 21:29:53     DATABASE   = marsod
2022-12-01 21:29:53
2022-12-01 21:29:53 mars - INFO   - 20221201.212833 - Web API request id: 6388f732a7a2779fb9fa6c72
2022-12-01 21:29:53 mars - INFO   - 20221201.212833 - Setting SO_SNDBUF to 33554432 (32.00 M)
2022-12-01 21:29:53 mars - INFO   - 20221201.212833 - Current value is 8192 (8.00 K)
2022-12-01 21:29:53 mars - WARN   - 20221201.212833 - SO_SNDBUF limited by kernel to 212992 (208.00 K)
2022-12-01 21:29:53 mars - INFO   - 20221201.212833 - Setting SO_RCVBUF to 33554432 (32.00 M)
2022-12-01 21:29:53 mars - INFO   - 20221201.212833 - Current value is 43690 (42.67 K)
2022-12-01 21:29:53 mars - WARN   - 20221201.212833 - SO_RCVBUF limited by kernel to 212992 (208.00 K)
2022-12-01 21:29:53 mars - INFO   - 20221201.212833 - Calling mars on 'marsod-core', local port is 45674
2022-12-01 21:29:53 mars - INFO   - 20221201.212833 - Server task is 702 [marsod]
2022-12-01 21:29:53 mars - INFO   - 20221201.212834 - Request performed on database 'marsod'
2022-12-01 21:29:53 mars - INFO   - 20221201.212834 - Memory used: 18.90 Mbyte(s)
2022-12-01 21:29:53 mars - INFO   - 20221201.212834 - No errors reported
2022-12-01 21:29:53 Process '['nice', 'mars', '/tmp/20221201-2120/05/tmp-_marsmH85uH.req']' finished
2022-12-01 21:29:53 Request is complete
2022-12-01 21:29:53 Transfering 210 bytes into data/mars_v02d_2017-07-10.grib
2022-12-01 21:29:53 From https://stream.ecmwf.int/data/webmars-private-svc-blue-007/data/scratch/20221201-2120/60/_mars-webmars-private-svc-blue-007-6fe5cac1a363ec1525f54343b6cc9fd8-IrNYvI.grib
2022-12-01 21:29:53 Transfer rate 2.0822 Kbytes/s
2022-12-01 21:29:53 Done
2022-12-01 21:30:01 Calling 'nice mars /tmp/20221201-2120/1f/tmp-_marsmYHUuL.req'
2022-12-01 21:30:01 mars - WARN -
2022-12-01 21:30:01 mars - WARN -
2022-12-01 21:30:01 MIR environment variables:
2022-12-01 21:30:01 MIR_CACHE_PATH=/data/ec_coeff
2022-12-01 21:30:01 Using MARS binary: /usr/local/apps/mars/versions/20220411095548/bin/mars.bin
2022-12-01 21:30:01 mars - INFO   - 20221201.212836 - Welcome to MARS
2022-12-01 21:30:01 mars - INFO   - 20221201.212836 - MARS Client build stamp: 20220411095548
2022-12-01 21:30:01 mars - INFO   - 20221201.212836 - MARS Client bundle version: 6.33.9.0
2022-12-01 21:30:01 mars - INFO   - 20221201.212836 - package mars-client version: 6.33.9
2022-12-01 21:30:01 mars - INFO   - 20221201.212836 - package mir version: 1.12.1
2022-12-01 21:30:01 mars - INFO   - 20221201.212836 - package odc version: 1.4.4
2022-12-01 21:30:01 mars - INFO   - 20221201.212836 - package fdb version: 5.10.7
2022-12-01 21:30:01 mars - INFO   - 20221201.212836 - package metkit version: 1.9.1
2022-12-01 21:30:01 mars - INFO   - 20221201.212836 - package eckit version: 1.19.0
2022-12-01 21:30:01 mars - INFO   - 20221201.212836 - package eccodes version: 2.25.1
2022-12-01 21:30:01 mars - INFO   - 20221201.212836 - Maximum retrieval size is 75.00 G
2022-12-01 21:30:01 list,target="output",stream=enfo,levtype=sfc,number=1/2/3/4/5/6/7/8/9/10/11/12/13/14/15/16/17/18/19/20/21/22/23/24/25/26/27/28/29/30/31/32/33/34/35/36/37/38/39/40/41/42/43/44/45/46/47/48/49/50,expver=1,padding=0,step=360/366/372/378/384/390/396/402/408/414/420/426/432/438/444/450/456/462/468/474/480/486/492/498/504/510/516/522/528/534/540/546/552/558/564/570/576/582/588/594/600/606/612/618/624/630/636/642/648/654/660/666/672/678/684/690/696/702/708/714/720/726/732/738/744/750/756/762/768/774/780/786/792/798/804/810/816/822/828/834/840/846/852/858/864/870/876/882/888/894/900/906/912/918/924/930/936/942/948/954/960/966/972/978/984/990/996/1002/1008/1014/1020/1026/1032/1038/1044/1050/1056/1062/1068/1074/1080/1086/1092/1098/1104,param=129.128/134.128/165.128/166.128/167.128/169.128/175.128/176.128/205.128/236.128/246.228/247.228,time=00:00:00,date=2017-07-10,output=cost,type=pf,class=od
2022-12-01 21:30:01 mars - INFO   - 20221201.212836 - Processing request 1
2022-12-01 21:30:01 sh: /usr/bin/mailx: No such file or directory
2022-12-01 21:30:01
2022-12-01 21:30:01 LIST,
2022-12-01 21:30:01     CLASS      = OD,
2022-12-01 21:30:01     TYPE       = PF,
2022-12-01 21:30:01     STREAM     = ENFO,
2022-12-01 21:30:01     EXPVER     = 0001,
2022-12-01 21:30:01     LEVTYPE    = SFC,
2022-12-01 21:30:01     PARAM      = 129.128/134.128/165.128/166.128/167.128/169.128/175.128/176.128/205.128/236.128/246.228/247.228,
2022-12-01 21:30:01     DATE       = 20170710,
2022-12-01 21:30:01     TIME       = 0000,
2022-12-01 21:30:01     STEP       = 360/366/372/378/384/390/396/402/408/414/420/426/432/438/444/450/456/462/468/474/480/486/492/498/504/510/516/522/528/534/540/546/552/558/564/570/576/582/588/594/600/606/612/618/624/630/636/642/648/654/660/666/672/678/684/690/696/702/708/714/720/726/732/738/744/750/756/762/768/774/780/786/792/798/804/810/816/822/828/834/840/846/852/858/864/870/876/882/888/894/900/906/912/918/924/930/936/942/948/954/960/966/972/978/984/990/996/1002/1008/1014/1020/1026/1032/1038/1044/1050/1056/1062/1068/1074/1080/1086/1092/1098/1104,
2022-12-01 21:30:01     NUMBER     = 1/2/3/4/5/6/7/8/9/10/11/12/13/14/15/16/17/18/19/20/21/22/23/24/25/26/27/28/29/30/31/32/33/34/35/36/37/38/39/40/41/42/43/44/45/46/47/48/49/50,
2022-12-01 21:30:01     TARGET     = "output",
2022-12-01 21:30:01     PADDING    = 0,
2022-12-01 21:30:01     OUTPUT     = COST,
2022-12-01 21:30:01     DATABASE   = marsod
2022-12-01 21:30:01
2022-12-01 21:30:01 mars - INFO   - 20221201.212836 - Web API request id: 6388f750ac2a7ce9effa6c6d
2022-12-01 21:30:01 mars - INFO   - 20221201.212836 - Setting SO_SNDBUF to 33554432 (32.00 M)
2022-12-01 21:30:01 mars - INFO   - 20221201.212836 - Current value is 8192 (8.00 K)
2022-12-01 21:30:01 mars - WARN   - 20221201.212836 - SO_SNDBUF limited by kernel to 212992 (208.00 K)
2022-12-01 21:30:01 mars - INFO   - 20221201.212836 - Setting SO_RCVBUF to 33554432 (32.00 M)
2022-12-01 21:30:01 mars - INFO   - 20221201.212836 - Current value is 43690 (42.67 K)
2022-12-01 21:30:01 mars - WARN   - 20221201.212836 - SO_RCVBUF limited by kernel to 212992 (208.00 K)
2022-12-01 21:30:01 mars - INFO   - 20221201.212836 - Calling mars on 'marsod-core', local port is 42687
2022-12-01 21:30:01 mars - INFO   - 20221201.212836 - Server task is 702 [marsod]
2022-12-01 21:30:01 mars - INFO   - 20221201.212836 - Request performed on database 'marsod'
2022-12-01 21:30:01 mars - INFO   - 20221201.212836 - Memory used: 18.90 Mbyte(s)
2022-12-01 21:30:01 mars - INFO   - 20221201.212836 - No errors reported
2022-12-01 21:30:01 Process '['nice', 'mars', '/tmp/20221201-2120/1f/tmp-_marsmYHUuL.req']' finished
2022-12-01 21:30:01 Request is complete
2022-12-01 21:30:01 Transfering 210 bytes into data/mars_v02d_2017-07-10.grib
2022-12-01 21:30:01 From https://stream.ecmwf.int/data/webmars-private-svc-blue-010/data/scratch/20221201-2120/60/_mars-webmars-private-svc-blue-010-6fe5cac1a363ec1525f54343b6cc9fd8-iUGd7M.grib
2022-12-01 21:30:01 Transfer rate 2.04047 Kbytes/s
2022-12-01 21:30:01 Done

